[28/Mar/2023 20:42:37] "GET /myCloud/ HTTP/1.1" 200 753
[28/Mar/2023 20:42:38,039] - Broken pipe from ('131.170.239.15', 46775)
[28/Mar/2023 20:42:38,103] - Broken pipe from ('131.170.239.15', 46511)
[28/Mar/2023 20:44:18] "GET /myCloud/ HTTP/1.1" 200 753
[28/Mar/2023 20:44:23] "GET /static/myCloud/style.css HTTP/1.1" 404 179
[28/Mar/2023 20:44:27] "GET /myCloud/ HTTP/1.1" 200 753
[28/Mar/2023 20:44:30] code 400, message Bad request version ('µ¤Ú\x06$\\\x0eVÇybo\x123ºEÞf.á~\x8cë¶|Ó·£d\x08wj\x00"\x13\x01\x13\x03\x13\x02À+À/Ì©Ì¨À,À0À')
[28/Mar/2023 20:44:30] You're accessing the development server over HTTPS, but it only supports HTTP.
[28/Mar/2023 20:44:30] code 400, message Bad request version ('¬\x01dql~\x84¸\x82esJ=T\x14µÿÃ\x8e3ÓU\x9bÔ\x82\x93EQNÎå¶\x00"\x13\x01\x13\x03\x13\x02À+À/Ì©Ì¨À,À0À')
[28/Mar/2023 20:44:30] You're accessing the development server over HTTPS, but it only supports HTTP.
[28/Mar/2023 20:44:35] "GET /static/myCloud/style.css HTTP/1.1" 404 179
[28/Mar/2023 20:44:40] code 400, message Bad request version ('Y\x9a\x86{Ý\x80ÍK\x8f3\x16<Z´\x00"\x13\x01\x13\x03\x13\x02À+À/Ì©Ì¨À,À0À')
[28/Mar/2023 20:44:40] You're accessing the development server over HTTPS, but it only supports HTTP.
[28/Mar/2023 20:44:40] code 400, message Bad request version ('X\x8b¸ÑK\x8a\x86\x9aI\x9e\x18\xadó\x15\x83ÞZ\x9aÎÐ\x84ùØ"õÀQ\x1a¬ÉE\x99\x00"\x13\x01\x13\x03\x13\x02À+À/Ì©Ì¨À,À0À')
[28/Mar/2023 20:44:40] You're accessing the development server over HTTPS, but it only supports HTTP.
[28/Mar/2023 20:45:02,315] - Broken pipe from ('120.21.93.84', 5148)
[28/Mar/2023 20:45:02,382] - Broken pipe from ('120.21.93.84', 5123)
[28/Mar/2023 20:45:03] "GET /myCloud/login/ HTTP/1.1" 200 1243
[28/Mar/2023 20:45:05] "GET /myCloud/login/ HTTP/1.1" 200 1243
[28/Mar/2023 20:45:07] "GET /static/myCloud/style.css HTTP/1.1" 404 179
[28/Mar/2023 20:45:12] code 400, message Bad request version ('³R,Ga^Dâ)9Êý\x00"\x13\x01\x13\x03\x13\x02À+À/Ì©Ì¨À,À0À')
[28/Mar/2023 20:45:12] You're accessing the development server over HTTPS, but it only supports HTTP.
[28/Mar/2023 20:45:12] code 400, message Bad request version ('\x84Ú%kíÏ\x86Ò\x00"\x13\x01\x13\x03\x13\x02À+À/Ì©Ì¨À,À0À')
[28/Mar/2023 20:45:12] You're accessing the development server over HTTPS, but it only supports HTTP.
[28/Mar/2023 20:45:20] "GET /static/myCloud/style.css HTTP/1.1" 404 179
[28/Mar/2023 20:45:22] "GET /static/myCloud/style.css HTTP/1.1" 404 179
[28/Mar/2023 20:47:30] "GET / HTTP/1.1" 404 179
[28/Mar/2023 21:01:55] "GET / HTTP/1.1" 404 179
[28/Mar/2023 21:03:33] "GET / HTTP/1.1" 404 179
[28/Mar/2023 21:08:35] "GET / HTTP/1.1" 404 179
[28/Mar/2023 21:08:38] "GET /myCloud/ HTTP/1.1" 200 770
[28/Mar/2023 21:08:39] "GET /static/myCloud/style.css HTTP/1.1" 404 179
[28/Mar/2023 21:08:40] code 400, message Bad request version ('rÌèA¶\x88ie3e\x00"\x13\x01\x13\x03\x13\x02À+À/Ì©Ì¨À,À0À')
[28/Mar/2023 21:08:40] You're accessing the development server over HTTPS, but it only supports HTTP.
[28/Mar/2023 21:08:40] code 400, message Bad request version ('8às\x9eWà\x00"\x13\x01\x13\x03\x13\x02À+À/Ì©Ì¨À,À0À')
[28/Mar/2023 21:08:40] You're accessing the development server over HTTPS, but it only supports HTTP.
[28/Mar/2023 21:09:11] "GET /myCloud/ HTTP/1.1" 200 770
[28/Mar/2023 21:09:12] "GET /static/myCloud/style.css HTTP/1.1" 404 179
[28/Mar/2023 21:09:13] code 400, message Bad request version ('P¹9··j%\x17\x7f^\x9dÀþ\x18l\x00"\x13\x01\x13\x03\x13\x02À+À/Ì©Ì¨À,À0À')
[28/Mar/2023 21:09:13] You're accessing the development server over HTTPS, but it only supports HTTP.
[28/Mar/2023 21:09:13] code 400, message Bad request version ('uØòÝ\x1bÕ\x00"\x13\x01\x13\x03\x13\x02À+À/Ì©Ì¨À,À0À')
[28/Mar/2023 21:09:13] You're accessing the development server over HTTPS, but it only supports HTTP.
[28/Mar/2023 21:12:49] "GET / HTTP/1.1" 404 179
[28/Mar/2023 21:12:56] "GET /myCloud/ HTTP/1.1" 200 770
[28/Mar/2023 21:12:56] "GET /static/myCloud/style.css HTTP/1.1" 404 179
[28/Mar/2023 21:12:57] code 400, message Bad request version ('À\x00"\x13\x01\x13\x03\x13\x02À+À/Ì©Ì¨À,À0À')
[28/Mar/2023 21:12:57] You're accessing the development server over HTTPS, but it only supports HTTP.
[28/Mar/2023 21:12:58] code 400, message Bad request version ('\x06ÐbÿýðÁöv\x19RxQ\x8cÍýOÚË\x95ò[óÛhhÊ\x00"\x13\x01\x13\x03\x13\x02À+À/Ì©Ì¨À,À0À')
[28/Mar/2023 21:12:58] You're accessing the development server over HTTPS, but it only supports HTTP.
[28/Mar/2023 21:13:05] "GET /myCloud/ HTTP/1.1" 200 770
[28/Mar/2023 21:13:06] "GET /static/myCloud/style.css HTTP/1.1" 404 179
[28/Mar/2023 21:13:07] code 400, message Bad request version ('½\x07½ì<\x94*é0l\x10_ä=æÔ·ùõâ¿\x90ê»\x86Àý\x9c&\x9e!7\x00"\x13\x01\x13\x03\x13\x02À+À/Ì©Ì¨À,À0À')
[28/Mar/2023 21:13:07] You're accessing the development server over HTTPS, but it only supports HTTP.
[28/Mar/2023 21:13:07] code 400, message Bad request version ('Ù\x00q\x07U`\x97\x01ª\x80\x123\x9c\x00\x00"\x13\x01\x13\x03\x13\x02À+À/Ì©Ì¨À,À0À')
[28/Mar/2023 21:13:07] You're accessing the development server over HTTPS, but it only supports HTTP.
[28/Mar/2023 22:57:57] "GET /myCloud/ HTTP/1.1" 200 770
[28/Mar/2023 22:57:57] "GET /static/myCloud/style.css HTTP/1.1" 404 179
[28/Mar/2023 22:57:58] code 400, message Bad request version ('ðÓò?\x10)ÌLoÔP{î|ÞAjK\x00"\x13\x01\x13\x03\x13\x02À+À/Ì©Ì¨À,À0À')
[28/Mar/2023 22:57:58] You're accessing the development server over HTTPS, but it only supports HTTP.
